Started GET "/?allowEmbedForCodecademy=false&allowCopyAndPasteForCodecademy=true&allowFileUploadForCodecademy=true&allowFileDownloadForCodecademy=true&allowExternalLinkForCodecademy=true&allowAICodeExplainForCodecademy=true&allowAIChatAssistantForCodecademy=true&allowAIErrorExplainForCodecademy=true" for 70.51.64.56 at 2025-09-11 14:50:39 +0000
Cannot render console from 10.20.10.184! Allowed networks: 127.0.0.0/127.255.255.255, ::1
  [1m[35m (1.7ms)[0m  [1m[34mSELECT sqlite_version(*)[0m
Processing by PagesController#welcome as HTML
  Parameters: {"allowEmbedForCodecademy"=>"false", "allowCopyAndPasteForCodecademy"=>"true", "allowFileUploadForCodecademy"=>"true", "allowFileDownloadForCodecademy"=>"true", "allowExternalLinkForCodecademy"=>"true", "allowAICodeExplainForCodecademy"=>"true", "allowAIChatAssistantForCodecademy"=>"true", "allowAIErrorExplainForCodecademy"=>"true"}
  Rendering layout layouts/application.html.erb
  Rendering pages/welcome.html.erb within layouts/application
  Rendered pages/welcome.html.erb within layouts/application (Duration: 1.8ms | Allocations: 659)
  Rendered layout layouts/application.html.erb (Duration: 609.1ms | Allocations: 71336)
Completed 200 OK in 626ms (Views: 614.8ms | ActiveRecord: 0.0ms | Allocations: 77733)


  
ActionController::RoutingError (No route matches [GET] "/assets/github-icon.png"):
  
  
ActionController::RoutingError (No route matches [GET] "/assets/linkedin-icon.png"):
  
  
ActionController::RoutingError (No route matches [GET] "/assets/twitter-icon.png"):
  
  
ActionController::RoutingError (No route matches [GET] "/assets/your-background.jpg"):
  
Started GET "/?allowEmbedForCodecademy=false&allowCopyAndPasteForCodecademy=true&allowFileUploadForCodecademy=true&allowFileDownloadForCodecademy=true&allowExternalLinkForCodecademy=true&allowAICodeExplainForCodecademy=true&allowAIChatAssistantForCodecademy=true&allowAIErrorExplainForCodecademy=true" for 70.51.64.56 at 2025-09-11 14:51:00 +0000
Cannot render console from 10.20.12.222! Allowed networks: 127.0.0.0/127.255.255.255, ::1
Processing by PagesController#welcome as HTML
  Parameters: {"allowEmbedForCodecademy"=>"false", "allowCopyAndPasteForCodecademy"=>"true", "allowFileUploadForCodecademy"=>"true", "allowFileDownloadForCodecademy"=>"true", "allowExternalLinkForCodecademy"=>"true", "allowAICodeExplainForCodecademy"=>"true", "allowAIChatAssistantForCodecademy"=>"true", "allowAIErrorExplainForCodecademy"=>"true"}
  Rendering layout layouts/application.html.erb
  Rendering pages/welcome.html.erb within layouts/application
  Rendered pages/welcome.html.erb within layouts/application (Duration: 0.5ms | Allocations: 236)
  Rendered layout layouts/application.html.erb (Duration: 2.8ms | Allocations: 1615)
Completed 200 OK in 5ms (Views: 4.1ms | ActiveRecord: 0.0ms | Allocations: 2611)


  
ActionController::RoutingError (No route matches [GET] "/assets/github-icon.png"):
  
  
ActionController::RoutingError (No route matches [GET] "/assets/linkedin-icon.png"):
  
  
ActionController::RoutingError (No route matches [GET] "/assets/twitter-icon.png"):
  
  
ActionController::RoutingError (No route matches [GET] "/assets/your-background.jpg"):
  
